<?xml version="1.0" encoding="UTF-8"?>
<testng-results ignored="0" total="4" passed="4" failed="0" skipped="0">
  <reporter-output>
  </reporter-output>
  <suite started-at="2025-07-29T09:33:30 ICT" name="Default suite" finished-at="2025-07-29T09:33:52 ICT" duration-ms="21218">
    <groups>
    </groups>
    <test started-at="2025-07-29T09:33:30 ICT" name="Default test" finished-at="2025-07-29T09:33:52 ICT" duration-ms="21218">
      <class name="automation.testsuit.practiceXpathDay8">
        <test-method signature="getElementByAddress()[pri:0, instance:automation.testsuit.practiceXpathDay8@47eaca72]" started-at="2025-07-29T09:33:30 ICT" name="getElementByAddress" finished-at="2025-07-29T09:33:37 ICT" duration-ms="6834" status="PASS">
          <reporter-output>
          </reporter-output>
        </test-method> <!-- getElementByAddress -->
        <test-method signature="getElementByEmail()[pri:0, instance:automation.testsuit.practiceXpathDay8@47eaca72]" started-at="2025-07-29T09:33:37 ICT" name="getElementByEmail" finished-at="2025-07-29T09:33:41 ICT" duration-ms="4122" status="PASS">
          <reporter-output>
          </reporter-output>
        </test-method> <!-- getElementByEmail -->
        <test-method signature="getElementByName()[pri:0, instance:automation.testsuit.practiceXpathDay8@47eaca72]" started-at="2025-07-29T09:33:41 ICT" name="getElementByName" finished-at="2025-07-29T09:33:46 ICT" duration-ms="5049" status="PASS">
          <reporter-output>
          </reporter-output>
        </test-method> <!-- getElementByName -->
        <test-method signature="getElementByPass()[pri:0, instance:automation.testsuit.practiceXpathDay8@47eaca72]" started-at="2025-07-29T09:33:47 ICT" name="getElementByPass" finished-at="2025-07-29T09:33:52 ICT" duration-ms="5080" status="PASS">
          <reporter-output>
          </reporter-output>
        </test-method> <!-- getElementByPass -->
      </class> <!-- automation.testsuit.practiceXpathDay8 -->
    </test> <!-- Default test -->
  </suite> <!-- Default suite -->
</testng-results>
